2025-08-21 15:03:36 [main] INFO  testCases.TC003_LoginDDTTest - **********Starting TC003_LoginDDTTest************
2025-08-21 15:03:40 [main] INFO  testCases.TC003_LoginDDTTest - **********Finished TC003_LoginDDTTest************
2025-08-21 15:03:40 [main] INFO  testCases.TC003_LoginDDTTest - **********Starting TC003_LoginDDTTest************
2025-08-21 15:03:53 [main] INFO  testCases.TC003_LoginDDTTest - **********Starting TC003_LoginDDTTest************
2025-08-21 15:03:55 [main] INFO  testCases.TC003_LoginDDTTest - **********Finished TC003_LoginDDTTest************
2025-08-21 15:15:40 [main] INFO  org.testng.internal.Utils - [TestNG] Running:
  C:\Users\Admin\eclipse-workspace\OpenCartApplication\testng.xml

2025-08-21 15:17:39 [main] INFO  org.testng.internal.Utils - [TestNG] Running:
  C:\Users\Admin\eclipse-workspace\OpenCartApplication\testng.xml

2025-08-21 15:20:26 [main] INFO  org.testng.internal.Utils - [TestNG] Running:
  C:\Users\Admin\eclipse-workspace\OpenCartApplication\testng.xml

2025-08-21 15:20:35 [main] INFO  testCases.TC001_AccountRegistrationTest - *****TC001_AccountRegistrationTest Started*****
2025-08-21 15:20:35 [main] INFO  testCases.TC001_AccountRegistrationTest - *****Clicked My Account*****
2025-08-21 15:20:35 [main] INFO  testCases.TC001_AccountRegistrationTest - *****Clicked Register*****
2025-08-21 15:20:36 [main] INFO  testCases.TC001_AccountRegistrationTest - *****Registration Started*****
2025-08-21 15:20:40 [main] INFO  testCases.TC001_AccountRegistrationTest - *****Registration Ends*****
2025-08-21 15:20:40 [main] INFO  testCases.TC001_AccountRegistrationTest - *****Validating Confirmation Message*****
2025-08-21 15:20:40 [main] INFO  testCases.TC001_AccountRegistrationTest - *****TC001_AccountRegistrationTest Completed*****
2025-08-21 15:20:46 [main] INFO  testCases.TC002_LoginTest - ****** TC002_LoginTest Started ******
2025-08-21 15:20:49 [main] INFO  testCases.TC002_LoginTest - ****** TC002_LoginTest Ended ******
2025-08-21 15:21:38 [main] INFO  org.testng.internal.Utils - [TestNG] Running:
  C:\Users\Admin\eclipse-workspace\OpenCartApplication\testng.xml

2025-08-21 15:26:37 [main] INFO  org.testng.internal.Utils - [TestNG] Running:
  C:\Users\Admin\eclipse-workspace\OpenCartApplication\testng.xml

2025-08-21 15:26:48 [main] INFO  testCases.TC001_AccountRegistrationTest - *****TC001_AccountRegistrationTest Started*****
2025-08-21 15:26:49 [main] INFO  testCases.TC001_AccountRegistrationTest - *****Clicked My Account*****
2025-08-21 15:26:49 [main] INFO  testCases.TC001_AccountRegistrationTest - *****Clicked Register*****
2025-08-21 15:26:50 [main] INFO  testCases.TC001_AccountRegistrationTest - *****Registration Started*****
2025-08-21 15:26:53 [main] INFO  testCases.TC001_AccountRegistrationTest - *****Registration Ends*****
2025-08-21 15:26:53 [main] INFO  testCases.TC001_AccountRegistrationTest - *****Validating Confirmation Message*****
2025-08-21 15:26:53 [main] INFO  testCases.TC001_AccountRegistrationTest - *****TC001_AccountRegistrationTest Completed*****
2025-08-21 15:26:59 [main] INFO  testCases.TC002_LoginTest - ****** TC002_LoginTest Started ******
2025-08-21 15:27:03 [main] INFO  testCases.TC002_LoginTest - ****** TC002_LoginTest Ended ******
2025-08-21 16:05:43 [main] INFO  org.testng.internal.Utils - [TestNG] Running:
  C:\Users\Admin\eclipse-workspace\OpenCartApplication\testng.xml

2025-08-21 16:05:57 [main] INFO  testCases.TC001_AccountRegistrationTest - *****TC001_AccountRegistrationTest Started*****
2025-08-21 16:05:57 [main] INFO  testCases.TC001_AccountRegistrationTest - *****Clicked My Account*****
2025-08-21 16:05:58 [main] INFO  testCases.TC001_AccountRegistrationTest - *****Clicked Register*****
2025-08-21 16:05:59 [main] INFO  testCases.TC001_AccountRegistrationTest - *****Registration Started*****
2025-08-21 16:06:03 [main] INFO  testCases.TC001_AccountRegistrationTest - *****Registration Ends*****
2025-08-21 16:06:03 [main] INFO  testCases.TC001_AccountRegistrationTest - *****Validating Confirmation Message*****
2025-08-21 16:06:03 [main] INFO  testCases.TC001_AccountRegistrationTest - *****TC001_AccountRegistrationTest Completed*****
2025-08-21 16:06:10 [main] INFO  testCases.TC002_LoginTest - ****** TC002_LoginTest Started ******
2025-08-21 16:06:14 [main] INFO  testCases.TC002_LoginTest - ****** TC002_LoginTest Ended ******
2025-08-21 16:06:25 [main] INFO  testCases.TC003_LoginDDTTest - **********Starting TC003_LoginDDTTest************
2025-08-21 16:06:30 [main] INFO  testCases.TC003_LoginDDTTest - **********Finished TC003_LoginDDTTest************
2025-08-21 16:06:31 [main] INFO  testCases.TC003_LoginDDTTest - **********Starting TC003_LoginDDTTest************
2025-08-21 16:06:47 [main] INFO  testCases.TC003_LoginDDTTest - **********Starting TC003_LoginDDTTest************
2025-08-21 16:06:53 [main] INFO  testCases.TC003_LoginDDTTest - **********Finished TC003_LoginDDTTest************
2025-08-21 16:08:19 [main] INFO  org.testng.internal.Utils - [TestNG] Running:
  C:\Users\Admin\eclipse-workspace\OpenCartApplication\testng.xml

